{"C:\\Users\\Nipuna\\Desktop\\Y3S2\\AF\\Assignment 2\\project\\af-2-it22248244\\src\\App.jsx": {"path":"C:\\Users\\Nipuna\\Desktop\\Y3S2\\AF\\Assignment 2\\project\\af-2-it22248244\\src\\App.jsx","statementMap":{"0":{"start":{"line":11,"column":2},"end":{"line":42,"column":4}}},"fnMap":{"0":{"name":"App","decl":{"start":{"line":10,"column":24},"end":{"line":10,"column":27}},"loc":{"start":{"line":10,"column":30},"end":{"line":43,"column":1}},"line":10}},"branchMap":{},"s":{"0":0},"f":{"0":0},"b":{}}
,"C:\\Users\\Nipuna\\Desktop\\Y3S2\\AF\\Assignment 2\\project\\af-2-it22248244\\src\\index.js": {"path":"C:\\Users\\Nipuna\\Desktop\\Y3S2\\AF\\Assignment 2\\project\\af-2-it22248244\\src\\index.js","statementMap":{"0":{"start":{"line":6,"column":0},"end":{"line":10,"column":1}}},"fnMap":{},"branchMap":{},"s":{"0":0},"f":{},"b":{}}
,"C:\\Users\\Nipuna\\Desktop\\Y3S2\\AF\\Assignment 2\\project\\af-2-it22248244\\src\\components\\BackgroundCarousel.jsx": {"path":"C:\\Users\\Nipuna\\Desktop\\Y3S2\\AF\\Assignment 2\\project\\af-2-it22248244\\src\\components\\BackgroundCarousel.jsx","statementMap":{"0":{"start":{"line":3,"column":15},"end":{"line":15,"column":1}},"1":{"start":{"line":17,"column":27},"end":{"line":47,"column":1}},"2":{"start":{"line":18,"column":52},"end":{"line":18,"column":63}},"3":{"start":{"line":20,"column":2},"end":{"line":26,"column":9}},"4":{"start":{"line":21,"column":21},"end":{"line":23,"column":12}},"5":{"start":{"line":22,"column":6},"end":{"line":22,"column":75}},"6":{"start":{"line":22,"column":42},"end":{"line":22,"column":73}},"7":{"start":{"line":25,"column":4},"end":{"line":25,"column":41}},"8":{"start":{"line":25,"column":17},"end":{"line":25,"column":40}},"9":{"start":{"line":28,"column":2},"end":{"line":46,"column":4}},"10":{"start":{"line":31,"column":8},"end":{"line":43,"column":14}}},"fnMap":{"0":{"name":"(anonymous_0)","decl":{"start":{"line":17,"column":27},"end":{"line":17,"column":28}},"loc":{"start":{"line":17,"column":33},"end":{"line":47,"column":1}},"line":17},"1":{"name":"(anonymous_1)","decl":{"start":{"line":20,"column":12},"end":{"line":20,"column":13}},"loc":{"start":{"line":20,"column":18},"end":{"line":26,"column":3}},"line":20},"2":{"name":"(anonymous_2)","decl":{"start":{"line":21,"column":33},"end":{"line":21,"column":34}},"loc":{"start":{"line":21,"column":39},"end":{"line":23,"column":5}},"line":21},"3":{"name":"(anonymous_3)","decl":{"start":{"line":22,"column":27},"end":{"line":22,"column":28}},"loc":{"start":{"line":22,"column":42},"end":{"line":22,"column":73}},"line":22},"4":{"name":"(anonymous_4)","decl":{"start":{"line":25,"column":11},"end":{"line":25,"column":12}},"loc":{"start":{"line":25,"column":17},"end":{"line":25,"column":40}},"line":25},"5":{"name":"(anonymous_5)","decl":{"start":{"line":30,"column":18},"end":{"line":30,"column":19}},"loc":{"start":{"line":31,"column":8},"end":{"line":43,"column":14}},"line":31}},"branchMap":{"0":{"loc":{"start":{"line":34,"column":12},"end":{"line":34,"column":69}},"type":"cond-expr","locations":[{"start":{"line":34,"column":42},"end":{"line":34,"column":55}},{"start":{"line":34,"column":58},"end":{"line":34,"column":69}}],"line":34}},"s":{"0":2,"1":2,"2":5,"3":5,"4":2,"5":0,"6":0,"7":2,"8":2,"9":5,"10":55},"f":{"0":5,"1":2,"2":0,"3":0,"4":2,"5":55},"b":{"0":[5,50]},"_coverageSchema":"1a1c01bbd47fc00a2c39e90264f33305004495a9","hash":"2966b636f30cc45cc143ea1c9b1c62958bcae4ce"}
,"C:\\Users\\Nipuna\\Desktop\\Y3S2\\AF\\Assignment 2\\project\\af-2-it22248244\\src\\components\\CountryCard.jsx": {"path":"C:\\Users\\Nipuna\\Desktop\\Y3S2\\AF\\Assignment 2\\project\\af-2-it22248244\\src\\components\\CountryCard.jsx","statementMap":{"0":{"start":{"line":4,"column":2},"end":{"line":66,"column":4}},"1":{"start":{"line":54,"column":16},"end":{"line":59,"column":23}}},"fnMap":{"0":{"name":"CountryCard","decl":{"start":{"line":3,"column":24},"end":{"line":3,"column":35}},"loc":{"start":{"line":3,"column":49},"end":{"line":67,"column":1}},"line":3},"1":{"name":"(anonymous_1)","decl":{"start":{"line":53,"column":85},"end":{"line":53,"column":86}},"loc":{"start":{"line":54,"column":16},"end":{"line":59,"column":23}},"line":54}},"branchMap":{"0":{"loc":{"start":{"line":47,"column":38},"end":{"line":47,"column":67}},"type":"binary-expr","locations":[{"start":{"line":47,"column":38},"end":{"line":47,"column":58}},{"start":{"line":47,"column":62},"end":{"line":47,"column":67}}],"line":47},"1":{"loc":{"start":{"line":53,"column":15},"end":{"line":60,"column":16}},"type":"binary-expr","locations":[{"start":{"line":53,"column":15},"end":{"line":53,"column":32}},{"start":{"line":53,"column":36},"end":{"line":60,"column":16}}],"line":53}},"s":{"0":0,"1":0},"f":{"0":0,"1":0},"b":{"0":[0,0],"1":[0,0]},"_coverageSchema":"1a1c01bbd47fc00a2c39e90264f33305004495a9","hash":"cc227325b8f65c6aa76da7d99ff9f773b2db1136"}
,"C:\\Users\\Nipuna\\Desktop\\Y3S2\\AF\\Assignment 2\\project\\af-2-it22248244\\src\\components\\EnhancedSearchBar.jsx": {"path":"C:\\Users\\Nipuna\\Desktop\\Y3S2\\AF\\Assignment 2\\project\\af-2-it22248244\\src\\components\\EnhancedSearchBar.jsx","statementMap":{"0":{"start":{"line":4,"column":26},"end":{"line":135,"column":1}},"1":{"start":{"line":5,"column":38},"end":{"line":5,"column":50}},"2":{"start":{"line":6,"column":40},"end":{"line":6,"column":52}},"3":{"start":{"line":7,"column":48},"end":{"line":7,"column":63}},"4":{"start":{"line":8,"column":42},"end":{"line":8,"column":54}},"5":{"start":{"line":9,"column":32},"end":{"line":9,"column":46}},"6":{"start":{"line":10,"column":20},"end":{"line":10,"column":32}},"7":{"start":{"line":12,"column":2},"end":{"line":31,"column":9}},"8":{"start":{"line":14,"column":27},"end":{"line":28,"column":5}},"9":{"start":{"line":15,"column":6},"end":{"line":27,"column":7}},"10":{"start":{"line":16,"column":25},"end":{"line":16,"column":74}},"11":{"start":{"line":17,"column":21},"end":{"line":17,"column":42}},"12":{"start":{"line":19,"column":32},"end":{"line":21,"column":9}},"13":{"start":{"line":20,"column":10},"end":{"line":20,"column":52}},"14":{"start":{"line":22,"column":8},"end":{"line":22,"column":41}},"15":{"start":{"line":23,"column":8},"end":{"line":23,"column":26}},"16":{"start":{"line":25,"column":8},"end":{"line":25,"column":58}},"17":{"start":{"line":26,"column":8},"end":{"line":26,"column":26}},"18":{"start":{"line":30,"column":4},"end":{"line":30,"column":21}},"19":{"start":{"line":33,"column":2},"end":{"line":45,"column":9}},"20":{"start":{"line":35,"column":31},"end":{"line":39,"column":5}},"21":{"start":{"line":36,"column":6},"end":{"line":38,"column":7}},"22":{"start":{"line":37,"column":8},"end":{"line":37,"column":34}},"23":{"start":{"line":41,"column":4},"end":{"line":41,"column":63}},"24":{"start":{"line":42,"column":4},"end":{"line":44,"column":6}},"25":{"start":{"line":43,"column":6},"end":{"line":43,"column":68}},"26":{"start":{"line":47,"column":28},"end":{"line":64,"column":3}},"27":{"start":{"line":48,"column":18},"end":{"line":48,"column":32}},"28":{"start":{"line":49,"column":4},"end":{"line":49,"column":25}},"29":{"start":{"line":51,"column":4},"end":{"line":61,"column":5}},"30":{"start":{"line":53,"column":23},"end":{"line":55,"column":7}},"31":{"start":{"line":54,"column":8},"end":{"line":54,"column":73}},"32":{"start":{"line":56,"column":6},"end":{"line":56,"column":43}},"33":{"start":{"line":57,"column":6},"end":{"line":57,"column":31}},"34":{"start":{"line":59,"column":6},"end":{"line":59,"column":25}},"35":{"start":{"line":60,"column":6},"end":{"line":60,"column":32}},"36":{"start":{"line":63,"column":4},"end":{"line":63,"column":20}},"37":{"start":{"line":66,"column":32},"end":{"line":70,"column":3}},"38":{"start":{"line":67,"column":4},"end":{"line":67,"column":39}},"39":{"start":{"line":68,"column":4},"end":{"line":68,"column":30}},"40":{"start":{"line":69,"column":4},"end":{"line":69,"column":34}},"41":{"start":{"line":72,"column":22},"end":{"line":77,"column":3}},"42":{"start":{"line":73,"column":4},"end":{"line":73,"column":22}},"43":{"start":{"line":74,"column":4},"end":{"line":74,"column":23}},"44":{"start":{"line":75,"column":4},"end":{"line":75,"column":30}},"45":{"start":{"line":76,"column":4},"end":{"line":76,"column":17}},"46":{"start":{"line":79,"column":2},"end":{"line":134,"column":4}},"47":{"start":{"line":87,"column":25},"end":{"line":87,"column":74}},"48":{"start":{"line":111,"column":14},"end":{"line":122,"column":23}},"49":{"start":{"line":113,"column":31},"end":{"line":113,"column":61}}},"fnMap":{"0":{"name":"(anonymous_0)","decl":{"start":{"line":4,"column":26},"end":{"line":4,"column":27}},"loc":{"start":{"line":4,"column":44},"end":{"line":135,"column":1}},"line":4},"1":{"name":"(anonymous_1)","decl":{"start":{"line":12,"column":12},"end":{"line":12,"column":13}},"loc":{"start":{"line":12,"column":18},"end":{"line":31,"column":3}},"line":12},"2":{"name":"(anonymous_2)","decl":{"start":{"line":14,"column":27},"end":{"line":14,"column":28}},"loc":{"start":{"line":14,"column":39},"end":{"line":28,"column":5}},"line":14},"3":{"name":"(anonymous_3)","decl":{"start":{"line":19,"column":42},"end":{"line":19,"column":43}},"loc":{"start":{"line":20,"column":10},"end":{"line":20,"column":52}},"line":20},"4":{"name":"(anonymous_4)","decl":{"start":{"line":33,"column":12},"end":{"line":33,"column":13}},"loc":{"start":{"line":33,"column":18},"end":{"line":45,"column":3}},"line":33},"5":{"name":"(anonymous_5)","decl":{"start":{"line":35,"column":31},"end":{"line":35,"column":32}},"loc":{"start":{"line":35,"column":42},"end":{"line":39,"column":5}},"line":35},"6":{"name":"(anonymous_6)","decl":{"start":{"line":42,"column":11},"end":{"line":42,"column":12}},"loc":{"start":{"line":42,"column":17},"end":{"line":44,"column":5}},"line":42},"7":{"name":"(anonymous_7)","decl":{"start":{"line":47,"column":28},"end":{"line":47,"column":29}},"loc":{"start":{"line":47,"column":35},"end":{"line":64,"column":3}},"line":47},"8":{"name":"(anonymous_8)","decl":{"start":{"line":53,"column":43},"end":{"line":53,"column":44}},"loc":{"start":{"line":54,"column":8},"end":{"line":54,"column":73}},"line":54},"9":{"name":"(anonymous_9)","decl":{"start":{"line":66,"column":32},"end":{"line":66,"column":33}},"loc":{"start":{"line":66,"column":45},"end":{"line":70,"column":3}},"line":66},"10":{"name":"(anonymous_10)","decl":{"start":{"line":72,"column":22},"end":{"line":72,"column":23}},"loc":{"start":{"line":72,"column":28},"end":{"line":77,"column":3}},"line":72},"11":{"name":"(anonymous_11)","decl":{"start":{"line":87,"column":19},"end":{"line":87,"column":20}},"loc":{"start":{"line":87,"column":25},"end":{"line":87,"column":74}},"line":87},"12":{"name":"(anonymous_12)","decl":{"start":{"line":110,"column":29},"end":{"line":110,"column":30}},"loc":{"start":{"line":111,"column":14},"end":{"line":122,"column":23}},"line":111},"13":{"name":"(anonymous_13)","decl":{"start":{"line":113,"column":25},"end":{"line":113,"column":26}},"loc":{"start":{"line":113,"column":31},"end":{"line":113,"column":61}},"line":113}},"branchMap":{"0":{"loc":{"start":{"line":36,"column":6},"end":{"line":38,"column":7}},"type":"if","locations":[{"start":{"line":36,"column":6},"end":{"line":38,"column":7}},{"start":{},"end":{}}],"line":36},"1":{"loc":{"start":{"line":36,"column":10},"end":{"line":36,"column":72}},"type":"binary-expr","locations":[{"start":{"line":36,"column":10},"end":{"line":36,"column":27}},{"start":{"line":36,"column":31},"end":{"line":36,"column":72}}],"line":36},"2":{"loc":{"start":{"line":51,"column":4},"end":{"line":61,"column":5}},"type":"if","locations":[{"start":{"line":51,"column":4},"end":{"line":61,"column":5}},{"start":{"line":58,"column":11},"end":{"line":61,"column":5}}],"line":51},"3":{"loc":{"start":{"line":87,"column":25},"end":{"line":87,"column":74}},"type":"binary-expr","locations":[{"start":{"line":87,"column":25},"end":{"line":87,"column":46}},{"start":{"line":87,"column":50},"end":{"line":87,"column":74}}],"line":87},"4":{"loc":{"start":{"line":95,"column":9},"end":{"line":104,"column":9}},"type":"binary-expr","locations":[{"start":{"line":95,"column":9},"end":{"line":95,"column":19}},{"start":{"line":96,"column":10},"end":{"line":103,"column":19}}],"line":95},"5":{"loc":{"start":{"line":107,"column":7},"end":{"line":126,"column":7}},"type":"binary-expr","locations":[{"start":{"line":107,"column":7},"end":{"line":107,"column":22}},{"start":{"line":107,"column":26},"end":{"line":107,"column":48}},{"start":{"line":108,"column":8},"end":{"line":125,"column":14}}],"line":107},"6":{"loc":{"start":{"line":128,"column":7},"end":{"line":132,"column":7}},"type":"binary-expr","locations":[{"start":{"line":128,"column":7},"end":{"line":128,"column":14}},{"start":{"line":129,"column":8},"end":{"line":131,"column":14}}],"line":128}},"s":{"0":1,"1":1,"2":1,"3":1,"4":1,"5":1,"6":1,"7":1,"8":1,"9":1,"10":1,"11":0,"12":0,"13":0,"14":0,"15":0,"16":0,"17":0,"18":1,"19":1,"20":1,"21":0,"22":0,"23":1,"24":1,"25":1,"26":1,"27":0,"28":0,"29":0,"30":0,"31":0,"32":0,"33":0,"34":0,"35":0,"36":0,"37":1,"38":0,"39":0,"40":0,"41":1,"42":0,"43":0,"44":0,"45":0,"46":1,"47":0,"48":0,"49":0},"f":{"0":1,"1":1,"2":1,"3":0,"4":1,"5":0,"6":1,"7":0,"8":0,"9":0,"10":0,"11":0,"12":0,"13":0},"b":{"0":[0,0],"1":[0,0],"2":[0,0],"3":[0,0],"4":[1,0],"5":[1,0,0],"6":[1,1]},"_coverageSchema":"1a1c01bbd47fc00a2c39e90264f33305004495a9","hash":"158940033edc179904f366735bbe469063022e33"}
,"C:\\Users\\Nipuna\\Desktop\\Y3S2\\AF\\Assignment 2\\project\\af-2-it22248244\\src\\components\\LanguageFilter.jsx": {"path":"C:\\Users\\Nipuna\\Desktop\\Y3S2\\AF\\Assignment 2\\project\\af-2-it22248244\\src\\components\\LanguageFilter.jsx","statementMap":{"0":{"start":{"line":4,"column":18},"end":{"line":17,"column":1}},"1":{"start":{"line":20,"column":50},"end":{"line":20,"column":62}},"2":{"start":{"line":21,"column":30},"end":{"line":21,"column":45}},"3":{"start":{"line":23,"column":23},"end":{"line":27,"column":3}},"4":{"start":{"line":24,"column":4},"end":{"line":24,"column":34}},"5":{"start":{"line":25,"column":4},"end":{"line":25,"column":23}},"6":{"start":{"line":26,"column":4},"end":{"line":26,"column":21}},"7":{"start":{"line":29,"column":2},"end":{"line":74,"column":4}},"8":{"start":{"line":32,"column":23},"end":{"line":32,"column":41}},"9":{"start":{"line":52,"column":29},"end":{"line":52,"column":45}},"10":{"start":{"line":60,"column":14},"end":{"line":68,"column":23}},"11":{"start":{"line":62,"column":31},"end":{"line":62,"column":53}}},"fnMap":{"0":{"name":"LanguageFilter","decl":{"start":{"line":19,"column":24},"end":{"line":19,"column":38}},"loc":{"start":{"line":19,"column":53},"end":{"line":75,"column":1}},"line":19},"1":{"name":"(anonymous_1)","decl":{"start":{"line":23,"column":23},"end":{"line":23,"column":24}},"loc":{"start":{"line":23,"column":37},"end":{"line":27,"column":3}},"line":23},"2":{"name":"(anonymous_2)","decl":{"start":{"line":32,"column":17},"end":{"line":32,"column":18}},"loc":{"start":{"line":32,"column":23},"end":{"line":32,"column":41}},"line":32},"3":{"name":"(anonymous_3)","decl":{"start":{"line":52,"column":23},"end":{"line":52,"column":24}},"loc":{"start":{"line":52,"column":29},"end":{"line":52,"column":45}},"line":52},"4":{"name":"(anonymous_4)","decl":{"start":{"line":59,"column":27},"end":{"line":59,"column":28}},"loc":{"start":{"line":60,"column":14},"end":{"line":68,"column":23}},"line":60},"5":{"name":"(anonymous_5)","decl":{"start":{"line":62,"column":25},"end":{"line":62,"column":26}},"loc":{"start":{"line":62,"column":31},"end":{"line":62,"column":53}},"line":62}},"branchMap":{"0":{"loc":{"start":{"line":36,"column":11},"end":{"line":36,"column":51}},"type":"binary-expr","locations":[{"start":{"line":36,"column":11},"end":{"line":36,"column":27}},{"start":{"line":36,"column":31},"end":{"line":36,"column":51}}],"line":36},"1":{"loc":{"start":{"line":39,"column":90},"end":{"line":39,"column":116}},"type":"cond-expr","locations":[{"start":{"line":39,"column":99},"end":{"line":39,"column":111}},{"start":{"line":39,"column":114},"end":{"line":39,"column":116}}],"line":39},"2":{"loc":{"start":{"line":48,"column":7},"end":{"line":72,"column":7}},"type":"binary-expr","locations":[{"start":{"line":48,"column":7},"end":{"line":48,"column":13}},{"start":{"line":49,"column":8},"end":{"line":71,"column":14}}],"line":48},"3":{"loc":{"start":{"line":54,"column":16},"end":{"line":54,"column":89}},"type":"cond-expr","locations":[{"start":{"line":54,"column":42},"end":{"line":54,"column":71}},{"start":{"line":54,"column":74},"end":{"line":54,"column":89}}],"line":54},"4":{"loc":{"start":{"line":64,"column":18},"end":{"line":64,"column":97}},"type":"cond-expr","locations":[{"start":{"line":64,"column":50},"end":{"line":64,"column":79}},{"start":{"line":64,"column":82},"end":{"line":64,"column":97}}],"line":64}},"s":{"0":1,"1":1,"2":1,"3":1,"4":0,"5":0,"6":0,"7":1,"8":0,"9":0,"10":0,"11":0},"f":{"0":1,"1":0,"2":0,"3":0,"4":0,"5":0},"b":{"0":[1,1],"1":[0,1],"2":[1,0],"3":[0,0],"4":[0,0]},"_coverageSchema":"1a1c01bbd47fc00a2c39e90264f33305004495a9","hash":"9ada28806b4e56a998d31198bc0344a0dcb79bb8"}
,"C:\\Users\\Nipuna\\Desktop\\Y3S2\\AF\\Assignment 2\\project\\af-2-it22248244\\src\\components\\Login.jsx": {"path":"C:\\Users\\Nipuna\\Desktop\\Y3S2\\AF\\Assignment 2\\project\\af-2-it22248244\\src\\components\\Login.jsx","statementMap":{"0":{"start":{"line":6,"column":14},"end":{"line":152,"column":1}},"1":{"start":{"line":7,"column":28},"end":{"line":7,"column":40}},"2":{"start":{"line":8,"column":34},"end":{"line":8,"column":46}},"3":{"start":{"line":9,"column":38},"end":{"line":9,"column":50}},"4":{"start":{"line":10,"column":38},"end":{"line":10,"column":47}},"5":{"start":{"line":11,"column":19},"end":{"line":11,"column":32}},"6":{"start":{"line":13,"column":23},"end":{"line":30,"column":3}},"7":{"start":{"line":14,"column":4},"end":{"line":14,"column":23}},"8":{"start":{"line":15,"column":4},"end":{"line":15,"column":22}},"9":{"start":{"line":17,"column":4},"end":{"line":20,"column":5}},"10":{"start":{"line":18,"column":6},"end":{"line":18,"column":58}},"11":{"start":{"line":19,"column":6},"end":{"line":19,"column":13}},"12":{"start":{"line":22,"column":4},"end":{"line":29,"column":5}},"13":{"start":{"line":23,"column":22},"end":{"line":23,"column":50}},"14":{"start":{"line":24,"column":6},"end":{"line":26,"column":7}},"15":{"start":{"line":25,"column":8},"end":{"line":25,"column":22}},"16":{"start":{"line":32,"column":2},"end":{"line":151,"column":4}},"17":{"start":{"line":69,"column":39},"end":{"line":69,"column":63}},"18":{"start":{"line":93,"column":39},"end":{"line":93,"column":66}}},"fnMap":{"0":{"name":"(anonymous_0)","decl":{"start":{"line":6,"column":14},"end":{"line":6,"column":15}},"loc":{"start":{"line":6,"column":20},"end":{"line":152,"column":1}},"line":6},"1":{"name":"(anonymous_1)","decl":{"start":{"line":13,"column":23},"end":{"line":13,"column":24}},"loc":{"start":{"line":13,"column":36},"end":{"line":30,"column":3}},"line":13},"2":{"name":"(anonymous_2)","decl":{"start":{"line":69,"column":32},"end":{"line":69,"column":33}},"loc":{"start":{"line":69,"column":39},"end":{"line":69,"column":63}},"line":69},"3":{"name":"(anonymous_3)","decl":{"start":{"line":93,"column":32},"end":{"line":93,"column":33}},"loc":{"start":{"line":93,"column":39},"end":{"line":93,"column":66}},"line":93}},"branchMap":{"0":{"loc":{"start":{"line":17,"column":4},"end":{"line":20,"column":5}},"type":"if","locations":[{"start":{"line":17,"column":4},"end":{"line":20,"column":5}},{"start":{},"end":{}}],"line":17},"1":{"loc":{"start":{"line":24,"column":6},"end":{"line":26,"column":7}},"type":"if","locations":[{"start":{"line":24,"column":6},"end":{"line":26,"column":7}},{"start":{},"end":{}}],"line":24},"2":{"loc":{"start":{"line":99,"column":15},"end":{"line":114,"column":15}},"type":"binary-expr","locations":[{"start":{"line":99,"column":16},"end":{"line":99,"column":26}},{"start":{"line":99,"column":30},"end":{"line":99,"column":39}},{"start":{"line":100,"column":16},"end":{"line":113,"column":22}}],"line":99},"3":{"loc":{"start":{"line":109,"column":25},"end":{"line":109,"column":48}},"type":"binary-expr","locations":[{"start":{"line":109,"column":25},"end":{"line":109,"column":35}},{"start":{"line":109,"column":39},"end":{"line":109,"column":48}}],"line":109}},"s":{"0":1,"1":5,"2":5,"3":5,"4":5,"5":5,"6":5,"7":1,"8":1,"9":1,"10":0,"11":0,"12":1,"13":1,"14":1,"15":1,"16":5,"17":1,"18":1},"f":{"0":5,"1":1,"2":1,"3":1},"b":{"0":[0,1],"1":[1,0],"2":[5,5,0],"3":[0,0]},"_coverageSchema":"1a1c01bbd47fc00a2c39e90264f33305004495a9","hash":"2ee3a6a933fb92e0910a91cccd774c683bdef812"}
,"C:\\Users\\Nipuna\\Desktop\\Y3S2\\AF\\Assignment 2\\project\\af-2-it22248244\\src\\components\\Navbar.jsx": {"path":"C:\\Users\\Nipuna\\Desktop\\Y3S2\\AF\\Assignment 2\\project\\af-2-it22248244\\src\\components\\Navbar.jsx","statementMap":{"0":{"start":{"line":5,"column":27},"end":{"line":5,"column":36}},"1":{"start":{"line":6,"column":20},"end":{"line":6,"column":51}},"2":{"start":{"line":8,"column":2},"end":{"line":60,"column":4}}},"fnMap":{"0":{"name":"Navbar","decl":{"start":{"line":4,"column":24},"end":{"line":4,"column":30}},"loc":{"start":{"line":4,"column":33},"end":{"line":61,"column":1}},"line":4}},"branchMap":{"0":{"loc":{"start":{"line":6,"column":20},"end":{"line":6,"column":51}},"type":"binary-expr","locations":[{"start":{"line":6,"column":20},"end":{"line":6,"column":45}},{"start":{"line":6,"column":49},"end":{"line":6,"column":51}}],"line":6},"1":{"loc":{"start":{"line":28,"column":13},"end":{"line":55,"column":13}},"type":"cond-expr","locations":[{"start":{"line":29,"column":14},"end":{"line":39,"column":17}},{"start":{"line":41,"column":14},"end":{"line":54,"column":17}}],"line":28}},"s":{"0":0,"1":0,"2":0},"f":{"0":0},"b":{"0":[0,0],"1":[0,0]}}
,"C:\\Users\\Nipuna\\Desktop\\Y3S2\\AF\\Assignment 2\\project\\af-2-it22248244\\src\\components\\ProtectedRoute.jsx": {"path":"C:\\Users\\Nipuna\\Desktop\\Y3S2\\AF\\Assignment 2\\project\\af-2-it22248244\\src\\components\\ProtectedRoute.jsx","statementMap":{"0":{"start":{"line":4,"column":23},"end":{"line":20,"column":1}},"1":{"start":{"line":5,"column":28},"end":{"line":5,"column":37}},"2":{"start":{"line":7,"column":2},"end":{"line":13,"column":3}},"3":{"start":{"line":8,"column":4},"end":{"line":12,"column":6}},"4":{"start":{"line":15,"column":2},"end":{"line":17,"column":3}},"5":{"start":{"line":16,"column":4},"end":{"line":16,"column":44}},"6":{"start":{"line":19,"column":2},"end":{"line":19,"column":18}}},"fnMap":{"0":{"name":"(anonymous_0)","decl":{"start":{"line":4,"column":23},"end":{"line":4,"column":24}},"loc":{"start":{"line":4,"column":41},"end":{"line":20,"column":1}},"line":4}},"branchMap":{"0":{"loc":{"start":{"line":7,"column":2},"end":{"line":13,"column":3}},"type":"if","locations":[{"start":{"line":7,"column":2},"end":{"line":13,"column":3}},{"start":{},"end":{}}],"line":7},"1":{"loc":{"start":{"line":15,"column":2},"end":{"line":17,"column":3}},"type":"if","locations":[{"start":{"line":15,"column":2},"end":{"line":17,"column":3}},{"start":{},"end":{}}],"line":15}},"s":{"0":0,"1":0,"2":0,"3":0,"4":0,"5":0,"6":0},"f":{"0":0},"b":{"0":[0,0],"1":[0,0]}}
,"C:\\Users\\Nipuna\\Desktop\\Y3S2\\AF\\Assignment 2\\project\\af-2-it22248244\\src\\components\\RegionFilter.jsx": {"path":"C:\\Users\\Nipuna\\Desktop\\Y3S2\\AF\\Assignment 2\\project\\af-2-it22248244\\src\\components\\RegionFilter.jsx","statementMap":{"0":{"start":{"line":4,"column":16},"end":{"line":4,"column":67}},"1":{"start":{"line":7,"column":46},"end":{"line":7,"column":58}},"2":{"start":{"line":8,"column":30},"end":{"line":8,"column":45}},"3":{"start":{"line":10,"column":23},"end":{"line":14,"column":3}},"4":{"start":{"line":11,"column":4},"end":{"line":11,"column":30}},"5":{"start":{"line":12,"column":4},"end":{"line":12,"column":21}},"6":{"start":{"line":13,"column":4},"end":{"line":13,"column":21}},"7":{"start":{"line":16,"column":2},"end":{"line":61,"column":4}},"8":{"start":{"line":19,"column":23},"end":{"line":19,"column":41}},"9":{"start":{"line":39,"column":29},"end":{"line":39,"column":45}},"10":{"start":{"line":47,"column":14},"end":{"line":55,"column":23}},"11":{"start":{"line":49,"column":31},"end":{"line":49,"column":51}}},"fnMap":{"0":{"name":"RegionFilter","decl":{"start":{"line":6,"column":24},"end":{"line":6,"column":36}},"loc":{"start":{"line":6,"column":51},"end":{"line":62,"column":1}},"line":6},"1":{"name":"(anonymous_1)","decl":{"start":{"line":10,"column":23},"end":{"line":10,"column":24}},"loc":{"start":{"line":10,"column":35},"end":{"line":14,"column":3}},"line":10},"2":{"name":"(anonymous_2)","decl":{"start":{"line":19,"column":17},"end":{"line":19,"column":18}},"loc":{"start":{"line":19,"column":23},"end":{"line":19,"column":41}},"line":19},"3":{"name":"(anonymous_3)","decl":{"start":{"line":39,"column":23},"end":{"line":39,"column":24}},"loc":{"start":{"line":39,"column":29},"end":{"line":39,"column":45}},"line":39},"4":{"name":"(anonymous_4)","decl":{"start":{"line":46,"column":25},"end":{"line":46,"column":26}},"loc":{"start":{"line":47,"column":14},"end":{"line":55,"column":23}},"line":47},"5":{"name":"(anonymous_5)","decl":{"start":{"line":49,"column":25},"end":{"line":49,"column":26}},"loc":{"start":{"line":49,"column":31},"end":{"line":49,"column":51}},"line":49}},"branchMap":{"0":{"loc":{"start":{"line":23,"column":11},"end":{"line":23,"column":47}},"type":"binary-expr","locations":[{"start":{"line":23,"column":11},"end":{"line":23,"column":25}},{"start":{"line":23,"column":29},"end":{"line":23,"column":47}}],"line":23},"1":{"loc":{"start":{"line":26,"column":90},"end":{"line":26,"column":116}},"type":"cond-expr","locations":[{"start":{"line":26,"column":99},"end":{"line":26,"column":111}},{"start":{"line":26,"column":114},"end":{"line":26,"column":116}}],"line":26},"2":{"loc":{"start":{"line":35,"column":7},"end":{"line":59,"column":7}},"type":"binary-expr","locations":[{"start":{"line":35,"column":7},"end":{"line":35,"column":13}},{"start":{"line":36,"column":8},"end":{"line":58,"column":14}}],"line":35},"3":{"loc":{"start":{"line":41,"column":16},"end":{"line":41,"column":87}},"type":"cond-expr","locations":[{"start":{"line":41,"column":40},"end":{"line":41,"column":69}},{"start":{"line":41,"column":72},"end":{"line":41,"column":87}}],"line":41},"4":{"loc":{"start":{"line":51,"column":18},"end":{"line":51,"column":93}},"type":"cond-expr","locations":[{"start":{"line":51,"column":46},"end":{"line":51,"column":75}},{"start":{"line":51,"column":78},"end":{"line":51,"column":93}}],"line":51}},"s":{"0":2,"1":4,"2":4,"3":4,"4":1,"5":1,"6":1,"7":4,"8":1,"9":0,"10":5,"11":1},"f":{"0":4,"1":1,"2":1,"3":0,"4":5,"5":1},"b":{"0":[4,3],"1":[1,3],"2":[4,1],"3":[1,0],"4":[0,5]},"_coverageSchema":"1a1c01bbd47fc00a2c39e90264f33305004495a9","hash":"1c1903ac46fa107c72b35596466c09797c95fbfe"}
,"C:\\Users\\Nipuna\\Desktop\\Y3S2\\AF\\Assignment 2\\project\\af-2-it22248244\\src\\components\\Register.jsx": {"path":"C:\\Users\\Nipuna\\Desktop\\Y3S2\\AF\\Assignment 2\\project\\af-2-it22248244\\src\\components\\Register.jsx","statementMap":{"0":{"start":{"line":6,"column":17},"end":{"line":212,"column":1}},"1":{"start":{"line":7,"column":26},"end":{"line":7,"column":38}},"2":{"start":{"line":8,"column":28},"end":{"line":8,"column":40}},"3":{"start":{"line":9,"column":34},"end":{"line":9,"column":46}},"4":{"start":{"line":10,"column":48},"end":{"line":10,"column":60}},"5":{"start":{"line":11,"column":38},"end":{"line":11,"column":50}},"6":{"start":{"line":12,"column":41},"end":{"line":12,"column":50}},"7":{"start":{"line":13,"column":19},"end":{"line":13,"column":32}},"8":{"start":{"line":15,"column":23},"end":{"line":42,"column":3}},"9":{"start":{"line":16,"column":4},"end":{"line":16,"column":23}},"10":{"start":{"line":17,"column":4},"end":{"line":17,"column":22}},"11":{"start":{"line":19,"column":4},"end":{"line":22,"column":5}},"12":{"start":{"line":20,"column":6},"end":{"line":20,"column":46}},"13":{"start":{"line":21,"column":6},"end":{"line":21,"column":13}},"14":{"start":{"line":24,"column":4},"end":{"line":27,"column":5}},"15":{"start":{"line":25,"column":6},"end":{"line":25,"column":58}},"16":{"start":{"line":26,"column":6},"end":{"line":26,"column":13}},"17":{"start":{"line":29,"column":4},"end":{"line":32,"column":5}},"18":{"start":{"line":30,"column":6},"end":{"line":30,"column":46}},"19":{"start":{"line":31,"column":6},"end":{"line":31,"column":13}},"20":{"start":{"line":34,"column":4},"end":{"line":41,"column":5}},"21":{"start":{"line":35,"column":22},"end":{"line":35,"column":59}},"22":{"start":{"line":36,"column":6},"end":{"line":38,"column":7}},"23":{"start":{"line":37,"column":8},"end":{"line":37,"column":22}},"24":{"start":{"line":44,"column":2},"end":{"line":211,"column":4}},"25":{"start":{"line":80,"column":39},"end":{"line":80,"column":62}},"26":{"start":{"line":105,"column":39},"end":{"line":105,"column":63}},"27":{"start":{"line":129,"column":39},"end":{"line":129,"column":66}},"28":{"start":{"line":153,"column":39},"end":{"line":153,"column":73}}},"fnMap":{"0":{"name":"(anonymous_0)","decl":{"start":{"line":6,"column":17},"end":{"line":6,"column":18}},"loc":{"start":{"line":6,"column":23},"end":{"line":212,"column":1}},"line":6},"1":{"name":"(anonymous_1)","decl":{"start":{"line":15,"column":23},"end":{"line":15,"column":24}},"loc":{"start":{"line":15,"column":36},"end":{"line":42,"column":3}},"line":15},"2":{"name":"(anonymous_2)","decl":{"start":{"line":80,"column":32},"end":{"line":80,"column":33}},"loc":{"start":{"line":80,"column":39},"end":{"line":80,"column":62}},"line":80},"3":{"name":"(anonymous_3)","decl":{"start":{"line":105,"column":32},"end":{"line":105,"column":33}},"loc":{"start":{"line":105,"column":39},"end":{"line":105,"column":63}},"line":105},"4":{"name":"(anonymous_4)","decl":{"start":{"line":129,"column":32},"end":{"line":129,"column":33}},"loc":{"start":{"line":129,"column":39},"end":{"line":129,"column":66}},"line":129},"5":{"name":"(anonymous_5)","decl":{"start":{"line":153,"column":32},"end":{"line":153,"column":33}},"loc":{"start":{"line":153,"column":39},"end":{"line":153,"column":73}},"line":153}},"branchMap":{"0":{"loc":{"start":{"line":19,"column":4},"end":{"line":22,"column":5}},"type":"if","locations":[{"start":{"line":19,"column":4},"end":{"line":22,"column":5}},{"start":{},"end":{}}],"line":19},"1":{"loc":{"start":{"line":24,"column":4},"end":{"line":27,"column":5}},"type":"if","locations":[{"start":{"line":24,"column":4},"end":{"line":27,"column":5}},{"start":{},"end":{}}],"line":24},"2":{"loc":{"start":{"line":29,"column":4},"end":{"line":32,"column":5}},"type":"if","locations":[{"start":{"line":29,"column":4},"end":{"line":32,"column":5}},{"start":{},"end":{}}],"line":29},"3":{"loc":{"start":{"line":36,"column":6},"end":{"line":38,"column":7}},"type":"if","locations":[{"start":{"line":36,"column":6},"end":{"line":38,"column":7}},{"start":{},"end":{}}],"line":36},"4":{"loc":{"start":{"line":159,"column":15},"end":{"line":174,"column":15}},"type":"binary-expr","locations":[{"start":{"line":159,"column":16},"end":{"line":159,"column":26}},{"start":{"line":159,"column":30},"end":{"line":159,"column":39}},{"start":{"line":160,"column":16},"end":{"line":173,"column":22}}],"line":159},"5":{"loc":{"start":{"line":169,"column":25},"end":{"line":169,"column":48}},"type":"binary-expr","locations":[{"start":{"line":169,"column":25},"end":{"line":169,"column":35}},{"start":{"line":169,"column":39},"end":{"line":169,"column":48}}],"line":169}},"s":{"0":0,"1":0,"2":0,"3":0,"4":0,"5":0,"6":0,"7":0,"8":0,"9":0,"10":0,"11":0,"12":0,"13":0,"14":0,"15":0,"16":0,"17":0,"18":0,"19":0,"20":0,"21":0,"22":0,"23":0,"24":0,"25":0,"26":0,"27":0,"28":0},"f":{"0":0,"1":0,"2":0,"3":0,"4":0,"5":0},"b":{"0":[0,0],"1":[0,0],"2":[0,0],"3":[0,0],"4":[0,0,0],"5":[0,0]}}
,"C:\\Users\\Nipuna\\Desktop\\Y3S2\\AF\\Assignment 2\\project\\af-2-it22248244\\src\\components\\SearchBar.jsx": {"path":"C:\\Users\\Nipuna\\Desktop\\Y3S2\\AF\\Assignment 2\\project\\af-2-it22248244\\src\\components\\SearchBar.jsx","statementMap":{"0":{"start":{"line":4,"column":38},"end":{"line":4,"column":50}},"1":{"start":{"line":6,"column":2},"end":{"line":11,"column":9}},"2":{"start":{"line":8,"column":4},"end":{"line":10,"column":5}},"3":{"start":{"line":9,"column":6},"end":{"line":9,"column":19}},"4":{"start":{"line":13,"column":2},"end":{"line":19,"column":29}},"5":{"start":{"line":14,"column":18},"end":{"line":16,"column":11}},"6":{"start":{"line":15,"column":6},"end":{"line":15,"column":27}},"7":{"start":{"line":18,"column":4},"end":{"line":18,"column":37}},"8":{"start":{"line":18,"column":17},"end":{"line":18,"column":36}},"9":{"start":{"line":21,"column":2},"end":{"line":51,"column":4}},"10":{"start":{"line":28,"column":27},"end":{"line":28,"column":56}},"11":{"start":{"line":39,"column":14},"end":{"line":39,"column":32}},"12":{"start":{"line":40,"column":14},"end":{"line":40,"column":27}}},"fnMap":{"0":{"name":"SearchBar","decl":{"start":{"line":3,"column":24},"end":{"line":3,"column":33}},"loc":{"start":{"line":3,"column":48},"end":{"line":52,"column":1}},"line":3},"1":{"name":"(anonymous_1)","decl":{"start":{"line":6,"column":12},"end":{"line":6,"column":13}},"loc":{"start":{"line":6,"column":18},"end":{"line":11,"column":3}},"line":6},"2":{"name":"(anonymous_2)","decl":{"start":{"line":13,"column":12},"end":{"line":13,"column":13}},"loc":{"start":{"line":13,"column":18},"end":{"line":19,"column":3}},"line":13},"3":{"name":"(anonymous_3)","decl":{"start":{"line":14,"column":29},"end":{"line":14,"column":30}},"loc":{"start":{"line":14,"column":35},"end":{"line":16,"column":5}},"line":14},"4":{"name":"(anonymous_4)","decl":{"start":{"line":18,"column":11},"end":{"line":18,"column":12}},"loc":{"start":{"line":18,"column":17},"end":{"line":18,"column":36}},"line":18},"5":{"name":"(anonymous_5)","decl":{"start":{"line":28,"column":20},"end":{"line":28,"column":21}},"loc":{"start":{"line":28,"column":27},"end":{"line":28,"column":56}},"line":28},"6":{"name":"(anonymous_6)","decl":{"start":{"line":38,"column":21},"end":{"line":38,"column":22}},"loc":{"start":{"line":38,"column":27},"end":{"line":41,"column":13}},"line":38}},"branchMap":{"0":{"loc":{"start":{"line":8,"column":4},"end":{"line":10,"column":5}},"type":"if","locations":[{"start":{"line":8,"column":4},"end":{"line":10,"column":5}},{"start":{},"end":{}}],"line":8},"1":{"loc":{"start":{"line":36,"column":9},"end":{"line":48,"column":9}},"type":"binary-expr","locations":[{"start":{"line":36,"column":9},"end":{"line":36,"column":19}},{"start":{"line":37,"column":10},"end":{"line":47,"column":19}}],"line":36}},"s":{"0":2,"1":2,"2":1,"3":1,"4":2,"5":2,"6":1,"7":2,"8":2,"9":2,"10":1,"11":0,"12":0},"f":{"0":2,"1":1,"2":2,"3":1,"4":2,"5":1,"6":0},"b":{"0":[1,0],"1":[2,1]},"_coverageSchema":"1a1c01bbd47fc00a2c39e90264f33305004495a9","hash":"772c51411099f888a92999fd94136878d9d8c20e"}
,"C:\\Users\\Nipuna\\Desktop\\Y3S2\\AF\\Assignment 2\\project\\af-2-it22248244\\src\\context\\AuthContext.jsx": {"path":"C:\\Users\\Nipuna\\Desktop\\Y3S2\\AF\\Assignment 2\\project\\af-2-it22248244\\src\\context\\AuthContext.jsx","statementMap":{"0":{"start":{"line":4,"column":20},"end":{"line":4,"column":35}},"1":{"start":{"line":6,"column":28},"end":{"line":56,"column":1}},"2":{"start":{"line":7,"column":26},"end":{"line":7,"column":40}},"3":{"start":{"line":8,"column":32},"end":{"line":8,"column":46}},"4":{"start":{"line":9,"column":28},"end":{"line":9,"column":42}},"5":{"start":{"line":11,"column":2},"end":{"line":18,"column":9}},"6":{"start":{"line":13,"column":23},"end":{"line":13,"column":51}},"7":{"start":{"line":14,"column":4},"end":{"line":16,"column":5}},"8":{"start":{"line":15,"column":6},"end":{"line":15,"column":38}},"9":{"start":{"line":17,"column":4},"end":{"line":17,"column":22}},"10":{"start":{"line":20,"column":16},"end":{"line":31,"column":3}},"11":{"start":{"line":21,"column":4},"end":{"line":30,"column":5}},"12":{"start":{"line":22,"column":6},"end":{"line":22,"column":21}},"13":{"start":{"line":23,"column":23},"end":{"line":23,"column":63}},"14":{"start":{"line":24,"column":6},"end":{"line":24,"column":24}},"15":{"start":{"line":25,"column":6},"end":{"line":25,"column":61}},"16":{"start":{"line":26,"column":6},"end":{"line":26,"column":18}},"17":{"start":{"line":28,"column":6},"end":{"line":28,"column":30}},"18":{"start":{"line":29,"column":6},"end":{"line":29,"column":19}},"19":{"start":{"line":33,"column":19},"end":{"line":44,"column":3}},"20":{"start":{"line":34,"column":4},"end":{"line":43,"column":5}},"21":{"start":{"line":35,"column":6},"end":{"line":35,"column":21}},"22":{"start":{"line":36,"column":23},"end":{"line":36,"column":72}},"23":{"start":{"line":37,"column":6},"end":{"line":37,"column":24}},"24":{"start":{"line":38,"column":6},"end":{"line":38,"column":61}},"25":{"start":{"line":39,"column":6},"end":{"line":39,"column":18}},"26":{"start":{"line":41,"column":6},"end":{"line":41,"column":30}},"27":{"start":{"line":42,"column":6},"end":{"line":42,"column":19}},"28":{"start":{"line":46,"column":17},"end":{"line":49,"column":3}},"29":{"start":{"line":47,"column":4},"end":{"line":47,"column":18}},"30":{"start":{"line":48,"column":4},"end":{"line":48,"column":36}},"31":{"start":{"line":51,"column":2},"end":{"line":55,"column":4}},"32":{"start":{"line":58,"column":23},"end":{"line":64,"column":1}},"33":{"start":{"line":59,"column":18},"end":{"line":59,"column":41}},"34":{"start":{"line":60,"column":2},"end":{"line":62,"column":3}},"35":{"start":{"line":61,"column":4},"end":{"line":61,"column":67}},"36":{"start":{"line":63,"column":2},"end":{"line":63,"column":17}}},"fnMap":{"0":{"name":"(anonymous_0)","decl":{"start":{"line":6,"column":28},"end":{"line":6,"column":29}},"loc":{"start":{"line":6,"column":46},"end":{"line":56,"column":1}},"line":6},"1":{"name":"(anonymous_1)","decl":{"start":{"line":11,"column":12},"end":{"line":11,"column":13}},"loc":{"start":{"line":11,"column":18},"end":{"line":18,"column":3}},"line":11},"2":{"name":"(anonymous_2)","decl":{"start":{"line":20,"column":16},"end":{"line":20,"column":17}},"loc":{"start":{"line":20,"column":43},"end":{"line":31,"column":3}},"line":20},"3":{"name":"(anonymous_3)","decl":{"start":{"line":33,"column":19},"end":{"line":33,"column":20}},"loc":{"start":{"line":33,"column":52},"end":{"line":44,"column":3}},"line":33},"4":{"name":"(anonymous_4)","decl":{"start":{"line":46,"column":17},"end":{"line":46,"column":18}},"loc":{"start":{"line":46,"column":23},"end":{"line":49,"column":3}},"line":46},"5":{"name":"(anonymous_5)","decl":{"start":{"line":58,"column":23},"end":{"line":58,"column":24}},"loc":{"start":{"line":58,"column":29},"end":{"line":64,"column":1}},"line":58}},"branchMap":{"0":{"loc":{"start":{"line":14,"column":4},"end":{"line":16,"column":5}},"type":"if","locations":[{"start":{"line":14,"column":4},"end":{"line":16,"column":5}},{"start":{},"end":{}}],"line":14},"1":{"loc":{"start":{"line":60,"column":2},"end":{"line":62,"column":3}},"type":"if","locations":[{"start":{"line":60,"column":2},"end":{"line":62,"column":3}},{"start":{},"end":{}}],"line":60}},"s":{"0":0,"1":0,"2":0,"3":0,"4":0,"5":0,"6":0,"7":0,"8":0,"9":0,"10":0,"11":0,"12":0,"13":0,"14":0,"15":0,"16":0,"17":0,"18":0,"19":0,"20":0,"21":0,"22":0,"23":0,"24":0,"25":0,"26":0,"27":0,"28":0,"29":0,"30":0,"31":0,"32":0,"33":0,"34":0,"35":0,"36":0},"f":{"0":0,"1":0,"2":0,"3":0,"4":0,"5":0},"b":{"0":[0,0],"1":[0,0]}}
,"C:\\Users\\Nipuna\\Desktop\\Y3S2\\AF\\Assignment 2\\project\\af-2-it22248244\\src\\pages\\CountryDetails.jsx": {"path":"C:\\Users\\Nipuna\\Desktop\\Y3S2\\AF\\Assignment 2\\project\\af-2-it22248244\\src\\pages\\CountryDetails.jsx","statementMap":{"0":{"start":{"line":6,"column":19},"end":{"line":6,"column":30}},"1":{"start":{"line":7,"column":32},"end":{"line":7,"column":46}},"2":{"start":{"line":8,"column":32},"end":{"line":8,"column":46}},"3":{"start":{"line":9,"column":28},"end":{"line":9,"column":42}},"4":{"start":{"line":11,"column":2},"end":{"line":27,"column":13}},"5":{"start":{"line":12,"column":24},"end":{"line":24,"column":5}},"6":{"start":{"line":13,"column":6},"end":{"line":23,"column":7}},"7":{"start":{"line":14,"column":8},"end":{"line":14,"column":25}},"8":{"start":{"line":15,"column":21},"end":{"line":15,"column":51}},"9":{"start":{"line":16,"column":8},"end":{"line":16,"column":25}},"10":{"start":{"line":17,"column":8},"end":{"line":17,"column":23}},"11":{"start":{"line":19,"column":8},"end":{"line":19,"column":51}},"12":{"start":{"line":20,"column":8},"end":{"line":20,"column":27}},"13":{"start":{"line":22,"column":8},"end":{"line":22,"column":26}},"14":{"start":{"line":26,"column":4},"end":{"line":26,"column":18}},"15":{"start":{"line":29,"column":2},"end":{"line":35,"column":3}},"16":{"start":{"line":30,"column":4},"end":{"line":34,"column":6}},"17":{"start":{"line":37,"column":2},"end":{"line":46,"column":3}},"18":{"start":{"line":38,"column":4},"end":{"line":45,"column":6}},"19":{"start":{"line":48,"column":2},"end":{"line":233,"column":4}},"20":{"start":{"line":151,"column":43},"end":{"line":151,"column":82}},"21":{"start":{"line":217,"column":22},"end":{"line":223,"column":29}}},"fnMap":{"0":{"name":"CountryDetails","decl":{"start":{"line":5,"column":24},"end":{"line":5,"column":38}},"loc":{"start":{"line":5,"column":41},"end":{"line":234,"column":1}},"line":5},"1":{"name":"(anonymous_1)","decl":{"start":{"line":11,"column":12},"end":{"line":11,"column":13}},"loc":{"start":{"line":11,"column":18},"end":{"line":27,"column":3}},"line":11},"2":{"name":"(anonymous_2)","decl":{"start":{"line":12,"column":24},"end":{"line":12,"column":25}},"loc":{"start":{"line":12,"column":36},"end":{"line":24,"column":5}},"line":12},"3":{"name":"(anonymous_3)","decl":{"start":{"line":151,"column":31},"end":{"line":151,"column":32}},"loc":{"start":{"line":151,"column":43},"end":{"line":151,"column":82}},"line":151},"4":{"name":"(anonymous_4)","decl":{"start":{"line":216,"column":41},"end":{"line":216,"column":42}},"loc":{"start":{"line":217,"column":22},"end":{"line":223,"column":29}},"line":217}},"branchMap":{"0":{"loc":{"start":{"line":29,"column":2},"end":{"line":35,"column":3}},"type":"if","locations":[{"start":{"line":29,"column":2},"end":{"line":35,"column":3}},{"start":{},"end":{}}],"line":29},"1":{"loc":{"start":{"line":37,"column":2},"end":{"line":46,"column":3}},"type":"if","locations":[{"start":{"line":37,"column":2},"end":{"line":46,"column":3}},{"start":{},"end":{}}],"line":37},"2":{"loc":{"start":{"line":37,"column":6},"end":{"line":37,"column":23}},"type":"binary-expr","locations":[{"start":{"line":37,"column":6},"end":{"line":37,"column":11}},{"start":{"line":37,"column":15},"end":{"line":37,"column":23}}],"line":37},"3":{"loc":{"start":{"line":40,"column":50},"end":{"line":40,"column":78}},"type":"binary-expr","locations":[{"start":{"line":40,"column":50},"end":{"line":40,"column":55}},{"start":{"line":40,"column":59},"end":{"line":40,"column":78}}],"line":40},"4":{"loc":{"start":{"line":135,"column":57},"end":{"line":135,"column":86}},"type":"binary-expr","locations":[{"start":{"line":135,"column":57},"end":{"line":135,"column":77}},{"start":{"line":135,"column":81},"end":{"line":135,"column":86}}],"line":135},"5":{"loc":{"start":{"line":179,"column":57},"end":{"line":179,"column":89}},"type":"binary-expr","locations":[{"start":{"line":179,"column":57},"end":{"line":179,"column":80}},{"start":{"line":179,"column":84},"end":{"line":179,"column":89}}],"line":179},"6":{"loc":{"start":{"line":193,"column":57},"end":{"line":193,"column":90}},"type":"binary-expr","locations":[{"start":{"line":193,"column":57},"end":{"line":193,"column":81}},{"start":{"line":193,"column":85},"end":{"line":193,"column":90}}],"line":193},"7":{"loc":{"start":{"line":205,"column":57},"end":{"line":205,"column":83}},"type":"binary-expr","locations":[{"start":{"line":205,"column":57},"end":{"line":205,"column":74}},{"start":{"line":205,"column":78},"end":{"line":205,"column":83}}],"line":205},"8":{"loc":{"start":{"line":212,"column":15},"end":{"line":227,"column":15}},"type":"binary-expr","locations":[{"start":{"line":212,"column":15},"end":{"line":212,"column":30}},{"start":{"line":212,"column":34},"end":{"line":212,"column":60}},{"start":{"line":213,"column":16},"end":{"line":226,"column":22}}],"line":212}},"s":{"0":0,"1":0,"2":0,"3":0,"4":0,"5":0,"6":0,"7":0,"8":0,"9":0,"10":0,"11":0,"12":0,"13":0,"14":0,"15":0,"16":0,"17":0,"18":0,"19":0,"20":0,"21":0},"f":{"0":0,"1":0,"2":0,"3":0,"4":0},"b":{"0":[0,0],"1":[0,0],"2":[0,0],"3":[0,0],"4":[0,0],"5":[0,0],"6":[0,0],"7":[0,0],"8":[0,0,0]}}
,"C:\\Users\\Nipuna\\Desktop\\Y3S2\\AF\\Assignment 2\\project\\af-2-it22248244\\src\\pages\\HomePage.jsx": {"path":"C:\\Users\\Nipuna\\Desktop\\Y3S2\\AF\\Assignment 2\\project\\af-2-it22248244\\src\\pages\\HomePage.jsx","statementMap":{"0":{"start":{"line":10,"column":36},"end":{"line":10,"column":48}},"1":{"start":{"line":11,"column":32},"end":{"line":11,"column":46}},"2":{"start":{"line":12,"column":28},"end":{"line":12,"column":42}},"3":{"start":{"line":13,"column":38},"end":{"line":13,"column":50}},"4":{"start":{"line":14,"column":46},"end":{"line":14,"column":58}},"5":{"start":{"line":15,"column":50},"end":{"line":15,"column":62}},"6":{"start":{"line":16,"column":38},"end":{"line":16,"column":49}},"7":{"start":{"line":18,"column":2},"end":{"line":69,"column":65}},"8":{"start":{"line":19,"column":26},"end":{"line":66,"column":5}},"9":{"start":{"line":20,"column":6},"end":{"line":65,"column":7}},"10":{"start":{"line":21,"column":8},"end":{"line":21,"column":25}},"11":{"start":{"line":22,"column":8},"end":{"line":22,"column":23}},"12":{"start":{"line":23,"column":19},"end":{"line":23,"column":44}},"13":{"start":{"line":26,"column":8},"end":{"line":30,"column":9}},"14":{"start":{"line":27,"column":10},"end":{"line":29,"column":12}},"15":{"start":{"line":28,"column":12},"end":{"line":28,"column":82}},"16":{"start":{"line":33,"column":8},"end":{"line":37,"column":9}},"17":{"start":{"line":34,"column":10},"end":{"line":36,"column":12}},"18":{"start":{"line":35,"column":12},"end":{"line":35,"column":45}},"19":{"start":{"line":40,"column":8},"end":{"line":47,"column":9}},"20":{"start":{"line":41,"column":10},"end":{"line":46,"column":12}},"21":{"start":{"line":42,"column":12},"end":{"line":45,"column":13}},"22":{"start":{"line":44,"column":14},"end":{"line":44,"column":73}},"23":{"start":{"line":50,"column":8},"end":{"line":50,"column":72}},"24":{"start":{"line":50,"column":28},"end":{"line":50,"column":70}},"25":{"start":{"line":52,"column":8},"end":{"line":52,"column":27}},"26":{"start":{"line":53,"column":8},"end":{"line":53,"column":25}},"27":{"start":{"line":55,"column":8},"end":{"line":55,"column":55}},"28":{"start":{"line":56,"column":8},"end":{"line":56,"column":64}},"29":{"start":{"line":57,"column":8},"end":{"line":62,"column":9}},"30":{"start":{"line":59,"column":10},"end":{"line":61,"column":19}},"31":{"start":{"line":60,"column":12},"end":{"line":60,"column":44}},"32":{"start":{"line":60,"column":34},"end":{"line":60,"column":42}},"33":{"start":{"line":64,"column":8},"end":{"line":64,"column":26}},"34":{"start":{"line":68,"column":4},"end":{"line":68,"column":20}},"35":{"start":{"line":71,"column":23},"end":{"line":73,"column":3}},"36":{"start":{"line":72,"column":4},"end":{"line":72,"column":24}},"37":{"start":{"line":75,"column":29},"end":{"line":77,"column":3}},"38":{"start":{"line":76,"column":4},"end":{"line":76,"column":30}},"39":{"start":{"line":79,"column":31},"end":{"line":81,"column":3}},"40":{"start":{"line":80,"column":4},"end":{"line":80,"column":34}},"41":{"start":{"line":83,"column":22},"end":{"line":85,"column":3}},"42":{"start":{"line":84,"column":4},"end":{"line":84,"column":21}},"43":{"start":{"line":87,"column":2},"end":{"line":156,"column":4}},"44":{"start":{"line":147,"column":16},"end":{"line":149,"column":22}}},"fnMap":{"0":{"name":"HomePage","decl":{"start":{"line":9,"column":24},"end":{"line":9,"column":32}},"loc":{"start":{"line":9,"column":35},"end":{"line":157,"column":1}},"line":9},"1":{"name":"(anonymous_1)","decl":{"start":{"line":18,"column":12},"end":{"line":18,"column":13}},"loc":{"start":{"line":18,"column":18},"end":{"line":69,"column":3}},"line":18},"2":{"name":"(anonymous_2)","decl":{"start":{"line":19,"column":26},"end":{"line":19,"column":27}},"loc":{"start":{"line":19,"column":38},"end":{"line":66,"column":5}},"line":19},"3":{"name":"(anonymous_3)","decl":{"start":{"line":27,"column":29},"end":{"line":27,"column":30}},"loc":{"start":{"line":28,"column":12},"end":{"line":28,"column":82}},"line":28},"4":{"name":"(anonymous_4)","decl":{"start":{"line":34,"column":29},"end":{"line":34,"column":30}},"loc":{"start":{"line":35,"column":12},"end":{"line":35,"column":45}},"line":35},"5":{"name":"(anonymous_5)","decl":{"start":{"line":41,"column":29},"end":{"line":41,"column":30}},"loc":{"start":{"line":42,"column":12},"end":{"line":45,"column":13}},"line":42},"6":{"name":"(anonymous_6)","decl":{"start":{"line":43,"column":50},"end":{"line":43,"column":51}},"loc":{"start":{"line":44,"column":14},"end":{"line":44,"column":73}},"line":44},"7":{"name":"(anonymous_7)","decl":{"start":{"line":50,"column":18},"end":{"line":50,"column":19}},"loc":{"start":{"line":50,"column":28},"end":{"line":50,"column":70}},"line":50},"8":{"name":"(anonymous_8)","decl":{"start":{"line":59,"column":21},"end":{"line":59,"column":22}},"loc":{"start":{"line":59,"column":27},"end":{"line":61,"column":11}},"line":59},"9":{"name":"(anonymous_9)","decl":{"start":{"line":60,"column":26},"end":{"line":60,"column":27}},"loc":{"start":{"line":60,"column":34},"end":{"line":60,"column":42}},"line":60},"10":{"name":"(anonymous_10)","decl":{"start":{"line":71,"column":23},"end":{"line":71,"column":24}},"loc":{"start":{"line":71,"column":33},"end":{"line":73,"column":3}},"line":71},"11":{"name":"(anonymous_11)","decl":{"start":{"line":75,"column":29},"end":{"line":75,"column":30}},"loc":{"start":{"line":75,"column":41},"end":{"line":77,"column":3}},"line":75},"12":{"name":"(anonymous_12)","decl":{"start":{"line":79,"column":31},"end":{"line":79,"column":32}},"loc":{"start":{"line":79,"column":45},"end":{"line":81,"column":3}},"line":79},"13":{"name":"(anonymous_13)","decl":{"start":{"line":83,"column":22},"end":{"line":83,"column":23}},"loc":{"start":{"line":83,"column":28},"end":{"line":85,"column":3}},"line":83},"14":{"name":"(anonymous_14)","decl":{"start":{"line":146,"column":29},"end":{"line":146,"column":30}},"loc":{"start":{"line":147,"column":16},"end":{"line":149,"column":22}},"line":147}},"branchMap":{"0":{"loc":{"start":{"line":26,"column":8},"end":{"line":30,"column":9}},"type":"if","locations":[{"start":{"line":26,"column":8},"end":{"line":30,"column":9}},{"start":{},"end":{}}],"line":26},"1":{"loc":{"start":{"line":33,"column":8},"end":{"line":37,"column":9}},"type":"if","locations":[{"start":{"line":33,"column":8},"end":{"line":37,"column":9}},{"start":{},"end":{}}],"line":33},"2":{"loc":{"start":{"line":40,"column":8},"end":{"line":47,"column":9}},"type":"if","locations":[{"start":{"line":40,"column":8},"end":{"line":47,"column":9}},{"start":{},"end":{}}],"line":40},"3":{"loc":{"start":{"line":42,"column":12},"end":{"line":45,"column":13}},"type":"binary-expr","locations":[{"start":{"line":42,"column":12},"end":{"line":42,"column":29}},{"start":{"line":43,"column":12},"end":{"line":45,"column":13}}],"line":42},"4":{"loc":{"start":{"line":57,"column":8},"end":{"line":62,"column":9}},"type":"if","locations":[{"start":{"line":57,"column":8},"end":{"line":62,"column":9}},{"start":{},"end":{}}],"line":57},"5":{"loc":{"start":{"line":115,"column":11},"end":{"line":138,"column":11}},"type":"binary-expr","locations":[{"start":{"line":115,"column":11},"end":{"line":115,"column":16}},{"start":{"line":116,"column":12},"end":{"line":137,"column":18}}],"line":115},"6":{"loc":{"start":{"line":140,"column":11},"end":{"line":152,"column":11}},"type":"cond-expr","locations":[{"start":{"line":141,"column":12},"end":{"line":143,"column":18}},{"start":{"line":145,"column":12},"end":{"line":151,"column":18}}],"line":140}},"s":{"0":1,"1":1,"2":1,"3":1,"4":1,"5":1,"6":1,"7":1,"8":1,"9":1,"10":1,"11":1,"12":1,"13":1,"14":0,"15":0,"16":1,"17":0,"18":0,"19":1,"20":0,"21":0,"22":0,"23":1,"24":1,"25":1,"26":1,"27":0,"28":0,"29":0,"30":0,"31":0,"32":0,"33":1,"34":1,"35":1,"36":0,"37":1,"38":0,"39":1,"40":0,"41":1,"42":0,"43":1,"44":0},"f":{"0":1,"1":1,"2":1,"3":0,"4":0,"5":0,"6":0,"7":1,"8":0,"9":0,"10":0,"11":0,"12":0,"13":0,"14":0},"b":{"0":[0,1],"1":[0,1],"2":[0,1],"3":[0,0],"4":[0,0],"5":[1,0],"6":[1,0]},"_coverageSchema":"1a1c01bbd47fc00a2c39e90264f33305004495a9","hash":"41247a13e61c083212fb83549fea02d1228c8d18"}
,"C:\\Users\\Nipuna\\Desktop\\Y3S2\\AF\\Assignment 2\\project\\af-2-it22248244\\src\\services\\api.js": {"path":"C:\\Users\\Nipuna\\Desktop\\Y3S2\\AF\\Assignment 2\\project\\af-2-it22248244\\src\\services\\api.js","statementMap":{"0":{"start":{"line":3,"column":17},"end":{"line":3,"column":49}},"1":{"start":{"line":5,"column":12},"end":{"line":8,"column":2}},"2":{"start":{"line":10,"column":33},"end":{"line":18,"column":1}},"3":{"start":{"line":11,"column":2},"end":{"line":17,"column":3}},"4":{"start":{"line":12,"column":21},"end":{"line":12,"column":42}},"5":{"start":{"line":13,"column":4},"end":{"line":13,"column":25}},"6":{"start":{"line":15,"column":4},"end":{"line":15,"column":58}},"7":{"start":{"line":16,"column":4},"end":{"line":16,"column":16}},"8":{"start":{"line":20,"column":34},"end":{"line":28,"column":1}},"9":{"start":{"line":21,"column":2},"end":{"line":27,"column":3}},"10":{"start":{"line":22,"column":21},"end":{"line":22,"column":51}},"11":{"start":{"line":23,"column":4},"end":{"line":23,"column":25}},"12":{"start":{"line":25,"column":4},"end":{"line":25,"column":68}},"13":{"start":{"line":26,"column":4},"end":{"line":26,"column":16}},"14":{"start":{"line":30,"column":38},"end":{"line":38,"column":1}},"15":{"start":{"line":31,"column":2},"end":{"line":37,"column":3}},"16":{"start":{"line":32,"column":21},"end":{"line":32,"column":55}},"17":{"start":{"line":33,"column":4},"end":{"line":33,"column":25}},"18":{"start":{"line":35,"column":4},"end":{"line":35,"column":74}},"19":{"start":{"line":36,"column":4},"end":{"line":36,"column":16}},"20":{"start":{"line":40,"column":34},"end":{"line":48,"column":1}},"21":{"start":{"line":41,"column":2},"end":{"line":47,"column":3}},"22":{"start":{"line":42,"column":21},"end":{"line":42,"column":52}},"23":{"start":{"line":43,"column":4},"end":{"line":43,"column":28}},"24":{"start":{"line":45,"column":4},"end":{"line":45,"column":68}},"25":{"start":{"line":46,"column":4},"end":{"line":46,"column":16}}},"fnMap":{"0":{"name":"(anonymous_0)","decl":{"start":{"line":10,"column":33},"end":{"line":10,"column":34}},"loc":{"start":{"line":10,"column":45},"end":{"line":18,"column":1}},"line":10},"1":{"name":"(anonymous_1)","decl":{"start":{"line":20,"column":34},"end":{"line":20,"column":35}},"loc":{"start":{"line":20,"column":50},"end":{"line":28,"column":1}},"line":20},"2":{"name":"(anonymous_2)","decl":{"start":{"line":30,"column":38},"end":{"line":30,"column":39}},"loc":{"start":{"line":30,"column":56},"end":{"line":38,"column":1}},"line":30},"3":{"name":"(anonymous_3)","decl":{"start":{"line":40,"column":34},"end":{"line":40,"column":35}},"loc":{"start":{"line":40,"column":50},"end":{"line":48,"column":1}},"line":40}},"branchMap":{},"s":{"0":0,"1":0,"2":0,"3":0,"4":0,"5":0,"6":0,"7":0,"8":0,"9":0,"10":0,"11":0,"12":0,"13":0,"14":0,"15":0,"16":0,"17":0,"18":0,"19":0,"20":0,"21":0,"22":0,"23":0,"24":0,"25":0},"f":{"0":0,"1":0,"2":0,"3":0},"b":{}}
,"C:\\Users\\Nipuna\\Desktop\\Y3S2\\AF\\Assignment 2\\project\\af-2-it22248244\\src\\services\\authService.js": {"path":"C:\\Users\\Nipuna\\Desktop\\Y3S2\\AF\\Assignment 2\\project\\af-2-it22248244\\src\\services\\authService.js","statementMap":{"0":{"start":{"line":2,"column":18},"end":{"line":2,"column":25}},"1":{"start":{"line":4,"column":17},"end":{"line":7,"column":1}},"2":{"start":{"line":5,"column":16},"end":{"line":5,"column":47}},"3":{"start":{"line":6,"column":2},"end":{"line":6,"column":40}},"4":{"start":{"line":9,"column":18},"end":{"line":11,"column":1}},"5":{"start":{"line":10,"column":2},"end":{"line":10,"column":57}},"6":{"start":{"line":13,"column":27},"end":{"line":59,"column":1}},"7":{"start":{"line":15,"column":4},"end":{"line":28,"column":5}},"8":{"start":{"line":16,"column":20},"end":{"line":16,"column":30}},"9":{"start":{"line":17,"column":19},"end":{"line":17,"column":80}},"10":{"start":{"line":17,"column":35},"end":{"line":17,"column":79}},"11":{"start":{"line":19,"column":6},"end":{"line":21,"column":7}},"12":{"start":{"line":20,"column":8},"end":{"line":20,"column":53}},"13":{"start":{"line":24,"column":54},"end":{"line":24,"column":58}},"14":{"start":{"line":25,"column":6},"end":{"line":25,"column":33}},"15":{"start":{"line":27,"column":6},"end":{"line":27,"column":18}},"16":{"start":{"line":32,"column":4},"end":{"line":57,"column":5}},"17":{"start":{"line":33,"column":20},"end":{"line":33,"column":30}},"18":{"start":{"line":36,"column":6},"end":{"line":38,"column":7}},"19":{"start":{"line":36,"column":26},"end":{"line":36,"column":43}},"20":{"start":{"line":37,"column":8},"end":{"line":37,"column":52}},"21":{"start":{"line":41,"column":22},"end":{"line":46,"column":7}},"22":{"start":{"line":49,"column":6},"end":{"line":49,"column":26}},"23":{"start":{"line":50,"column":6},"end":{"line":50,"column":23}},"24":{"start":{"line":53,"column":54},"end":{"line":53,"column":61}},"25":{"start":{"line":54,"column":6},"end":{"line":54,"column":33}},"26":{"start":{"line":56,"column":6},"end":{"line":56,"column":18}}},"fnMap":{"0":{"name":"(anonymous_0)","decl":{"start":{"line":4,"column":17},"end":{"line":4,"column":18}},"loc":{"start":{"line":4,"column":23},"end":{"line":7,"column":1}},"line":4},"1":{"name":"(anonymous_1)","decl":{"start":{"line":9,"column":18},"end":{"line":9,"column":19}},"loc":{"start":{"line":9,"column":29},"end":{"line":11,"column":1}},"line":9},"2":{"name":"(anonymous_2)","decl":{"start":{"line":14,"column":2},"end":{"line":14,"column":3}},"loc":{"start":{"line":14,"column":31},"end":{"line":29,"column":3}},"line":14},"3":{"name":"(anonymous_3)","decl":{"start":{"line":17,"column":30},"end":{"line":17,"column":31}},"loc":{"start":{"line":17,"column":35},"end":{"line":17,"column":79}},"line":17},"4":{"name":"(anonymous_4)","decl":{"start":{"line":31,"column":2},"end":{"line":31,"column":3}},"loc":{"start":{"line":31,"column":40},"end":{"line":58,"column":3}},"line":31},"5":{"name":"(anonymous_5)","decl":{"start":{"line":36,"column":21},"end":{"line":36,"column":22}},"loc":{"start":{"line":36,"column":26},"end":{"line":36,"column":43}},"line":36}},"branchMap":{"0":{"loc":{"start":{"line":6,"column":9},"end":{"line":6,"column":39}},"type":"cond-expr","locations":[{"start":{"line":6,"column":17},"end":{"line":6,"column":34}},{"start":{"line":6,"column":37},"end":{"line":6,"column":39}}],"line":6},"1":{"loc":{"start":{"line":17,"column":35},"end":{"line":17,"column":79}},"type":"binary-expr","locations":[{"start":{"line":17,"column":35},"end":{"line":17,"column":52}},{"start":{"line":17,"column":56},"end":{"line":17,"column":79}}],"line":17},"2":{"loc":{"start":{"line":19,"column":6},"end":{"line":21,"column":7}},"type":"if","locations":[{"start":{"line":19,"column":6},"end":{"line":21,"column":7}},{"start":{},"end":{}}],"line":19},"3":{"loc":{"start":{"line":36,"column":6},"end":{"line":38,"column":7}},"type":"if","locations":[{"start":{"line":36,"column":6},"end":{"line":38,"column":7}},{"start":{},"end":{}}],"line":36}},"s":{"0":0,"1":0,"2":0,"3":0,"4":0,"5":0,"6":0,"7":0,"8":0,"9":0,"10":0,"11":0,"12":0,"13":0,"14":0,"15":0,"16":0,"17":0,"18":0,"19":0,"20":0,"21":0,"22":0,"23":0,"24":0,"25":0,"26":0},"f":{"0":0,"1":0,"2":0,"3":0,"4":0,"5":0},"b":{"0":[0,0],"1":[0,0],"2":[0,0],"3":[0,0]}}
}
